2020-12-31 05:57:00,332 INFO 1605 [Timer] /Users/chengsen/WebProjects/nfwangEnd/node_modules/egg-multipart/app/schedule/clean_tmpdir.js next time will execute after 81179682ms at 2021-01-01 04:30:00.014
2020-12-31 05:57:00,339 INFO 1606 [Job#1609365420317278822204865491] /Users/chengsen/WebProjects/nfwangEnd/node_modules/egg-multipart/app/schedule/clean_tmpdir.js executing by app
2020-12-31 05:57:00,343 INFO 1606 [Job#1609365420317278822204865491] /Users/chengsen/WebProjects/nfwangEnd/node_modules/egg-multipart/app/schedule/clean_tmpdir.js execute succeed, used 4ms. 
2020-12-31 14:07:53,959 INFO 19514 [egg-schedule]: register schedule /Users/chengsen/WebProjects/nfwangEnd/node_modules/egg-multipart/app/schedule/clean_tmpdir.js
2020-12-31 14:07:53,959 INFO 19514 [egg-schedule]: register schedule /Users/chengsen/WebProjects/nfwangEnd/node_modules/egg-logrotator/app/schedule/clean_log.js
2020-12-31 14:07:53,959 INFO 19514 [egg-schedule]: register schedule /Users/chengsen/WebProjects/nfwangEnd/node_modules/egg-logrotator/app/schedule/rotate_by_file.js
2020-12-31 14:08:57,928 INFO 19546 [egg-schedule]: register schedule /Users/chengsen/WebProjects/nfwangEnd/node_modules/egg-multipart/app/schedule/clean_tmpdir.js
2020-12-31 14:08:57,928 INFO 19546 [egg-schedule]: register schedule /Users/chengsen/WebProjects/nfwangEnd/node_modules/egg-logrotator/app/schedule/clean_log.js
2020-12-31 14:08:57,928 INFO 19546 [egg-schedule]: register schedule /Users/chengsen/WebProjects/nfwangEnd/node_modules/egg-logrotator/app/schedule/rotate_by_file.js
2020-12-31 14:09:35,508 INFO 19600 [egg-schedule]: register schedule /Users/chengsen/WebProjects/nfwangEnd/node_modules/egg-multipart/app/schedule/clean_tmpdir.js
2020-12-31 14:09:35,508 INFO 19600 [egg-schedule]: register schedule /Users/chengsen/WebProjects/nfwangEnd/node_modules/egg-logrotator/app/schedule/clean_log.js
2020-12-31 14:09:35,508 INFO 19600 [egg-schedule]: register schedule /Users/chengsen/WebProjects/nfwangEnd/node_modules/egg-logrotator/app/schedule/rotate_by_file.js
2020-12-31 14:09:42,745 INFO 19620 [egg-schedule]: register schedule /Users/chengsen/WebProjects/nfwangEnd/node_modules/egg-multipart/app/schedule/clean_tmpdir.js
2020-12-31 14:09:42,745 INFO 19620 [egg-schedule]: register schedule /Users/chengsen/WebProjects/nfwangEnd/node_modules/egg-logrotator/app/schedule/clean_log.js
2020-12-31 14:09:42,745 INFO 19620 [egg-schedule]: register schedule /Users/chengsen/WebProjects/nfwangEnd/node_modules/egg-logrotator/app/schedule/rotate_by_file.js
2020-12-31 14:09:59,490 INFO 19630 [egg-schedule]: register schedule /Users/chengsen/WebProjects/nfwangEnd/node_modules/egg-multipart/app/schedule/clean_tmpdir.js
2020-12-31 14:09:59,490 INFO 19630 [egg-schedule]: register schedule /Users/chengsen/WebProjects/nfwangEnd/node_modules/egg-logrotator/app/schedule/clean_log.js
2020-12-31 14:09:59,490 INFO 19630 [egg-schedule]: register schedule /Users/chengsen/WebProjects/nfwangEnd/node_modules/egg-logrotator/app/schedule/rotate_by_file.js
2020-12-31 14:10:06,755 INFO 19654 [egg-schedule]: register schedule /Users/chengsen/WebProjects/nfwangEnd/node_modules/egg-multipart/app/schedule/clean_tmpdir.js
2020-12-31 14:10:06,755 INFO 19654 [egg-schedule]: register schedule /Users/chengsen/WebProjects/nfwangEnd/node_modules/egg-logrotator/app/schedule/clean_log.js
2020-12-31 14:10:06,755 INFO 19654 [egg-schedule]: register schedule /Users/chengsen/WebProjects/nfwangEnd/node_modules/egg-logrotator/app/schedule/rotate_by_file.js
2020-12-31 14:10:20,884 INFO 19669 [egg-schedule]: register schedule /Users/chengsen/WebProjects/nfwangEnd/node_modules/egg-multipart/app/schedule/clean_tmpdir.js
2020-12-31 14:10:20,884 INFO 19669 [egg-schedule]: register schedule /Users/chengsen/WebProjects/nfwangEnd/node_modules/egg-logrotator/app/schedule/clean_log.js
2020-12-31 14:10:20,884 INFO 19669 [egg-schedule]: register schedule /Users/chengsen/WebProjects/nfwangEnd/node_modules/egg-logrotator/app/schedule/rotate_by_file.js
2020-12-31 14:10:27,116 INFO 19686 [egg-schedule]: register schedule /Users/chengsen/WebProjects/nfwangEnd/node_modules/egg-multipart/app/schedule/clean_tmpdir.js
2020-12-31 14:10:27,116 INFO 19686 [egg-schedule]: register schedule /Users/chengsen/WebProjects/nfwangEnd/node_modules/egg-logrotator/app/schedule/clean_log.js
2020-12-31 14:10:27,116 INFO 19686 [egg-schedule]: register schedule /Users/chengsen/WebProjects/nfwangEnd/node_modules/egg-logrotator/app/schedule/rotate_by_file.js
2020-12-31 14:10:52,112 INFO 19703 [egg-schedule]: register schedule /Users/chengsen/WebProjects/nfwangEnd/node_modules/egg-multipart/app/schedule/clean_tmpdir.js
2020-12-31 14:10:52,112 INFO 19703 [egg-schedule]: register schedule /Users/chengsen/WebProjects/nfwangEnd/node_modules/egg-logrotator/app/schedule/clean_log.js
2020-12-31 14:10:52,112 INFO 19703 [egg-schedule]: register schedule /Users/chengsen/WebProjects/nfwangEnd/node_modules/egg-logrotator/app/schedule/rotate_by_file.js
2020-12-31 14:11:20,150 INFO 19734 [egg-schedule]: register schedule /Users/chengsen/WebProjects/nfwangEnd/node_modules/egg-multipart/app/schedule/clean_tmpdir.js
2020-12-31 14:11:20,150 INFO 19734 [egg-schedule]: register schedule /Users/chengsen/WebProjects/nfwangEnd/node_modules/egg-logrotator/app/schedule/clean_log.js
2020-12-31 14:11:20,150 INFO 19734 [egg-schedule]: register schedule /Users/chengsen/WebProjects/nfwangEnd/node_modules/egg-logrotator/app/schedule/rotate_by_file.js
2020-12-31 14:12:52,764 INFO 19762 [egg-schedule]: register schedule /Users/chengsen/WebProjects/nfwangEnd/node_modules/egg-multipart/app/schedule/clean_tmpdir.js
2020-12-31 14:12:52,764 INFO 19762 [egg-schedule]: register schedule /Users/chengsen/WebProjects/nfwangEnd/node_modules/egg-logrotator/app/schedule/clean_log.js
2020-12-31 14:12:52,764 INFO 19762 [egg-schedule]: register schedule /Users/chengsen/WebProjects/nfwangEnd/node_modules/egg-logrotator/app/schedule/rotate_by_file.js
2020-12-31 14:13:11,747 INFO 19796 [egg-schedule]: register schedule /Users/chengsen/WebProjects/nfwangEnd/node_modules/egg-multipart/app/schedule/clean_tmpdir.js
2020-12-31 14:13:11,747 INFO 19796 [egg-schedule]: register schedule /Users/chengsen/WebProjects/nfwangEnd/node_modules/egg-logrotator/app/schedule/clean_log.js
2020-12-31 14:13:11,747 INFO 19796 [egg-schedule]: register schedule /Users/chengsen/WebProjects/nfwangEnd/node_modules/egg-logrotator/app/schedule/rotate_by_file.js
2020-12-31 14:13:32,335 INFO 19818 [egg-schedule]: register schedule /Users/chengsen/WebProjects/nfwangEnd/node_modules/egg-multipart/app/schedule/clean_tmpdir.js
2020-12-31 14:13:32,335 INFO 19818 [egg-schedule]: register schedule /Users/chengsen/WebProjects/nfwangEnd/node_modules/egg-logrotator/app/schedule/clean_log.js
2020-12-31 14:13:32,335 INFO 19818 [egg-schedule]: register schedule /Users/chengsen/WebProjects/nfwangEnd/node_modules/egg-logrotator/app/schedule/rotate_by_file.js
2020-12-31 14:14:28,615 INFO 19863 [egg-schedule]: register schedule /Users/chengsen/WebProjects/nfwangEnd/node_modules/egg-multipart/app/schedule/clean_tmpdir.js
2020-12-31 14:14:28,615 INFO 19863 [egg-schedule]: register schedule /Users/chengsen/WebProjects/nfwangEnd/node_modules/egg-logrotator/app/schedule/clean_log.js
2020-12-31 14:14:28,615 INFO 19863 [egg-schedule]: register schedule /Users/chengsen/WebProjects/nfwangEnd/node_modules/egg-logrotator/app/schedule/rotate_by_file.js
2020-12-31 14:14:51,314 INFO 19885 [egg-schedule]: register schedule /Users/chengsen/WebProjects/nfwangEnd/node_modules/egg-multipart/app/schedule/clean_tmpdir.js
2020-12-31 14:14:51,314 INFO 19885 [egg-schedule]: register schedule /Users/chengsen/WebProjects/nfwangEnd/node_modules/egg-logrotator/app/schedule/clean_log.js
2020-12-31 14:14:51,314 INFO 19885 [egg-schedule]: register schedule /Users/chengsen/WebProjects/nfwangEnd/node_modules/egg-logrotator/app/schedule/rotate_by_file.js
